<?xml version="1.0" encoding="UTF-8"?>
<!-- Generated by org.testng.reporters.JUnitXMLReporter -->
<testsuite hostname="mkrishnan" ignored="0" name="Add Tax Section Test" tests="17" failures="4" timestamp="17 Dec 2018 05:57:03 GMT" time="391.276" errors="0">
  <testcase name="validateAddTax" time="1.456" classname="com.avlview.app.testcases.AddTaxPageTest"/>
  <testcase name="validateEmptyTaxdesc" time="4.159" classname="com.avlview.app.testcases.AddTaxPageTest"/>
  <testcase name="validateEmptyTaxamount" time="3.203" classname="com.avlview.app.testcases.AddTaxPageTest">
    <skipped/>
  </testcase> <!-- validateEmptyTaxamount -->
  <testcase name="validateEmptyTaxamount" time="4.238" classname="com.avlview.app.testcases.AddTaxPageTest">
    <skipped/>
  </testcase> <!-- validateEmptyTaxamount -->
  <testcase name="validateEmptyTaxamount" time="3.975" classname="com.avlview.app.testcases.AddTaxPageTest">
    <failure type="java.lang.AssertionError" message="expected [You missed to enter tax percentage value.] but found [You cannot leave tax description field empty.]">
      <![CDATA[java.lang.AssertionError: expected [You missed to enter tax percentage value.] but found [You cannot leave tax description field empty.]
at com.avlview.app.testcases.AddTaxPageTest.validateEmptyTaxamount(AddTaxPageTest.java:70)
... Removed 31 stack frames]]>
    </failure>
  </testcase> <!-- validateEmptyTaxamount -->
  <testcase name="validateAddTax" time="2.54" classname="com.avlview.app.testcases.AddTaxPageTest"/>
  <testcase name="validateUpdatepopupTest" time="2.048" classname="com.avlview.app.testcases.AddTaxPageTest"/>
  <testcase name="validateEmptyTaxdescEdit" time="4.227" classname="com.avlview.app.testcases.AddTaxPageTest">
    <skipped/>
  </testcase> <!-- validateEmptyTaxdescEdit -->
  <testcase name="validateEmptyTaxdescEdit" time="4.526" classname="com.avlview.app.testcases.AddTaxPageTest">
    <skipped/>
  </testcase> <!-- validateEmptyTaxdescEdit -->
  <testcase name="validateEmptyTaxdescEdit" time="4.29" classname="com.avlview.app.testcases.AddTaxPageTest">
    <failure type="java.lang.AssertionError" message="expected [You cannot leave tax description field empty.] but found [You just added a new tax type.]">
      <![CDATA[java.lang.AssertionError: expected [You cannot leave tax description field empty.] but found [You just added a new tax type.]
at com.avlview.app.testcases.AddTaxPageTest.validateEmptyTaxdescEdit(AddTaxPageTest.java:96)
... Removed 31 stack frames]]>
    </failure>
  </testcase> <!-- validateEmptyTaxdescEdit -->
  <testcase name="validateEmptyTaxamountEdit" time="4.108" classname="com.avlview.app.testcases.AddTaxPageTest">
    <skipped/>
  </testcase> <!-- validateEmptyTaxamountEdit -->
  <testcase name="validateEmptyTaxamountEdit" time="4.333" classname="com.avlview.app.testcases.AddTaxPageTest">
    <skipped/>
  </testcase> <!-- validateEmptyTaxamountEdit -->
  <testcase name="validateEmptyTaxamountEdit" time="4.302" classname="com.avlview.app.testcases.AddTaxPageTest">
    <failure type="java.lang.AssertionError" message="expected [You missed to enter tax percentage value.] but found [You just added a new tax type.]">
      <![CDATA[java.lang.AssertionError: expected [You missed to enter tax percentage value.] but found [You just added a new tax type.]
at com.avlview.app.testcases.AddTaxPageTest.validateEmptyTaxamountEdit(AddTaxPageTest.java:104)
... Removed 31 stack frames]]>
    </failure>
  </testcase> <!-- validateEmptyTaxamountEdit -->
  <testcase name="validateEditTax" time="4.363" classname="com.avlview.app.testcases.AddTaxPageTest">
    <skipped/>
  </testcase> <!-- validateEditTax -->
  <testcase name="validateEditTax" time="4.402" classname="com.avlview.app.testcases.AddTaxPageTest">
    <skipped/>
  </testcase> <!-- validateEditTax -->
  <testcase name="validateEditTax" time="4.432" classname="com.avlview.app.testcases.AddTaxPageTest">
    <failure type="java.lang.AssertionError" message="expected [Changes made to the product have been saved.] but found [You just added a new tax type.]">
      <![CDATA[java.lang.AssertionError: expected [Changes made to the product have been saved.] but found [You just added a new tax type.]
at com.avlview.app.testcases.AddTaxPageTest.validateEditTax(AddTaxPageTest.java:112)
... Removed 31 stack frames]]>
    </failure>
  </testcase> <!-- validateEditTax -->
  <testcase name="validateDeleteTax" time="2.387" classname="com.avlview.app.testcases.AddTaxPageTest"/>
</testsuite> <!-- Add Tax Section Test -->
