<?xml version="1.0" encoding="UTF-8"?>
<!-- Generated by org.testng.reporters.JUnitXMLReporter -->
<testsuite hostname="mkrishnan" ignored="0" name="AddTaxPageTest" tests="13" failures="3" timestamp="21 Dec 2018 07:52:46 GMT" time="321.444" errors="0">
  <testcase name="validateAddTax" time="1.665" classname="com.avlview.app.testcases.AddTaxPageTest"/>
  <testcase name="validateEmptyTaxdesc" time="3.784" classname="com.avlview.app.testcases.AddTaxPageTest"/>
  <testcase name="validateEmptyTaxamount" time="4.084" classname="com.avlview.app.testcases.AddTaxPageTest"/>
  <testcase name="validateAddTax" time="3.766" classname="com.avlview.app.testcases.AddTaxPageTest"/>
  <testcase name="validateUpdatepopupTest" time="2.206" classname="com.avlview.app.testcases.AddTaxPageTest"/>
  <testcase name="validateEmptyTaxdescEdit" time="4.619" classname="com.avlview.app.testcases.AddTaxPageTest">
    <skipped/>
  </testcase> <!-- validateEmptyTaxdescEdit -->
  <testcase name="validateEmptyTaxdescEdit" time="4.421" classname="com.avlview.app.testcases.AddTaxPageTest">
    <failure type="java.lang.AssertionError" message="expected [You cannot leave tax description field empty.] but found [You just added a new tax type.]">
      <![CDATA[java.lang.AssertionError: expected [You cannot leave tax description field empty.] but found [You just added a new tax type.]
at com.avlview.app.testcases.AddTaxPageTest.validateEmptyTaxdescEdit(AddTaxPageTest.java:96)
... Removed 31 stack frames]]>
    </failure>
  </testcase> <!-- validateEmptyTaxdescEdit -->
  <testcase name="validateEmptyTaxamountEdit" time="4.353" classname="com.avlview.app.testcases.AddTaxPageTest">
    <skipped/>
  </testcase> <!-- validateEmptyTaxamountEdit -->
  <testcase name="validateEmptyTaxamountEdit" time="4.432" classname="com.avlview.app.testcases.AddTaxPageTest">
    <failure type="java.lang.AssertionError" message="expected [You missed to enter tax percentage value.] but found [You just added a new tax type.]">
      <![CDATA[java.lang.AssertionError: expected [You missed to enter tax percentage value.] but found [You just added a new tax type.]
at com.avlview.app.testcases.AddTaxPageTest.validateEmptyTaxamountEdit(AddTaxPageTest.java:104)
... Removed 31 stack frames]]>
    </failure>
  </testcase> <!-- validateEmptyTaxamountEdit -->
  <testcase name="validateEditTax" time="4.193" classname="com.avlview.app.testcases.AddTaxPageTest">
    <skipped/>
  </testcase> <!-- validateEditTax -->
  <testcase name="validateEditTax" time="4.284" classname="com.avlview.app.testcases.AddTaxPageTest">
    <failure type="java.lang.AssertionError" message="expected [Changes made to the product have been saved.] but found [You just added a new tax type.]">
      <![CDATA[java.lang.AssertionError: expected [Changes made to the product have been saved.] but found [You just added a new tax type.]
at com.avlview.app.testcases.AddTaxPageTest.validateEditTax(AddTaxPageTest.java:112)
... Removed 31 stack frames]]>
    </failure>
  </testcase> <!-- validateEditTax -->
  <testcase name="validateDeleteTax" time="2.926" classname="com.avlview.app.testcases.AddTaxPageTest">
    <skipped/>
  </testcase> <!-- validateDeleteTax -->
  <testcase name="validateDeleteTax" time="2.412" classname="com.avlview.app.testcases.AddTaxPageTest"/>
</testsuite> <!-- AddTaxPageTest -->
