<?xml version="1.0" encoding="UTF-8"?>
<!-- Generated by org.testng.reporters.JUnitXMLReporter -->
<testsuite hostname="mkrishnan" ignored="0" name="ClientsPageTest" tests="7" failures="1" timestamp="18 Dec 2018 04:59:39 GMT" time="158.537" errors="0">
  <testcase name="validateclientpageExistTest" time="0.123" classname="com.avlview.app.testcases.ClientsPageTest"/>
  <testcase name="validatePartnerLogoExistTest" time="0.121" classname="com.avlview.app.testcases.ClientsPageTest"/>
  <testcase name="validateAddclientExistTest" time="0.082" classname="com.avlview.app.testcases.ClientsPageTest"/>
  <testcase name="validateSearchExistTest" time="0.234" classname="com.avlview.app.testcases.ClientsPageTest"/>
  <testcase name="validateSearchResultTest" time="6.702" classname="com.avlview.app.testcases.ClientsPageTest">
    <skipped/>
  </testcase> <!-- validateSearchResultTest -->
  <testcase name="validateSearchResultTest" time="6.83" classname="com.avlview.app.testcases.ClientsPageTest">
    <failure type="java.lang.AssertionError" message="expected [1] but found [0]">
      <![CDATA[java.lang.AssertionError: expected [1] but found [0]
at com.avlview.app.testcases.ClientsPageTest.validateSearchResultTest(ClientsPageTest.java:65)
... Removed 31 stack frames]]>
    </failure>
  </testcase> <!-- validateSearchResultTest -->
  <testcase name="validateTotalTabsTest" time="0.035" classname="com.avlview.app.testcases.ClientsPageTest"/>
</testsuite> <!-- ClientsPageTest -->
