<html>
<head>
<title>TestNG:  ProductListPageTest</title>
<link href="../testng.css" rel="stylesheet" type="text/css" />
<link href="../my-testng.css" rel="stylesheet" type="text/css" />

<style type="text/css">
.log { display: none;} 
.stack-trace { display: none;} 
</style>
<script type="text/javascript">
<!--
function flip(e) {
  current = e.style.display;
  if (current == 'block') {
    e.style.display = 'none';
    return 0;
  }
  else {
    e.style.display = 'block';
    return 1;
  }
}

function toggleBox(szDivId, elem, msg1, msg2)
{
  var res = -1;  if (document.getElementById) {
    res = flip(document.getElementById(szDivId));
  }
  else if (document.all) {
    // this is the way old msie versions work
    res = flip(document.all[szDivId]);
  }
  if(elem) {
    if(res == 0) elem.innerHTML = msg1; else elem.innerHTML = msg2;
  }

}

function toggleAllBoxes() {
  if (document.getElementsByTagName) {
    d = document.getElementsByTagName('div');
    for (i = 0; i < d.length; i++) {
      if (d[i].className == 'log') {
        flip(d[i]);
      }
    }
  }
}

// -->
</script>

</head>
<body>
<h2 align='center'>ProductListPageTest</h2><table border='1' align="center">
<tr>
<td>Tests passed/Failed/Skipped:</td><td>5/1/2</td>
</tr><tr>
<td>Started on:</td><td>Fri Dec 21 13:22:46 IST 2018</td>
</tr>
<tr><td>Total time:</td><td>178 seconds (178235 ms)</td>
</tr><tr>
<td>Included groups:</td><td></td>
</tr><tr>
<td>Excluded groups:</td><td></td>
</tr>
</table><p/>
<small><i>(Hover the method name to see the test class name)</i></small><p/>
<table width='100%' border='1' class='invocation-failed'>
<tr><td colspan='4' align='center'><b>FAILED TESTS</b></td></tr>
<tr><td><b>Test method</b></td>
<td width="30%"><b>Exception</b></td>
<td width="10%"><b>Time (seconds)</b></td>
<td><b>Instance</b></td>
</tr>
<tr>
<td title='com.avlview.app.testcases.ProductListPageTest.validateDeleteProduct()'><b>validateDeleteProduct</b><br>Test class: com.avlview.app.testcases.ProductListPageTest</td>
<td><div><pre>java.lang.AssertionError: expected [You just deleted a product from records.] but found [Sorry, an error occurred. The servers are unable to complete your request at the moment. Please try again after a few minutes.]
	at com.avlview.app.testcases.ProductListPageTest.validateDeleteProduct(ProductListPageTest.java:91)
... Removed 31 stack frames</pre></div><a href='#' onClick='toggleBox("stack-trace28376054", this, "Click to show all stack frames", "Click to hide stack frames")'>Click to show all stack frames</a>
<div class='stack-trace' id='stack-trace28376054'><pre>java.lang.AssertionError: expected [You just deleted a product from records.] but found [Sorry, an error occurred. The servers are unable to complete your request at the moment. Please try again after a few minutes.]
	at org.testng.Assert.fail(Assert.java:96)
	at org.testng.Assert.failNotEquals(Assert.java:776)
	at org.testng.Assert.assertEqualsImpl(Assert.java:137)
	at org.testng.Assert.assertEquals(Assert.java:118)
	at org.testng.Assert.assertEquals(Assert.java:453)
	at org.testng.Assert.assertEquals(Assert.java:463)
	at com.avlview.app.testcases.ProductListPageTest.validateDeleteProduct(ProductListPageTest.java:91)
	at sun.reflect.NativeMethodAccessorImpl.invoke0(Native Method)
	at sun.reflect.NativeMethodAccessorImpl.invoke(NativeMethodAccessorImpl.java:62)
	at sun.reflect.DelegatingMethodAccessorImpl.invoke(DelegatingMethodAccessorImpl.java:43)
	at java.lang.reflect.Method.invoke(Method.java:498)
	at org.testng.internal.MethodInvocationHelper.invokeMethod(MethodInvocationHelper.java:124)
	at org.testng.internal.Invoker.invokeMethod(Invoker.java:580)
	at org.testng.internal.Invoker.retryFailed(Invoker.java:838)
	at org.testng.internal.Invoker.invokeTestMethods(Invoker.java:1009)
	at org.testng.internal.TestMethodWorker.invokeTestMethods(TestMethodWorker.java:125)
	at org.testng.internal.TestMethodWorker.run(TestMethodWorker.java:109)
	at org.testng.TestRunner.privateRun(TestRunner.java:648)
	at org.testng.TestRunner.run(TestRunner.java:505)
	at org.testng.SuiteRunner.runTest(SuiteRunner.java:455)
	at org.testng.SuiteRunner.runSequentially(SuiteRunner.java:450)
	at org.testng.SuiteRunner.privateRun(SuiteRunner.java:415)
	at org.testng.SuiteRunner.run(SuiteRunner.java:364)
	at org.testng.SuiteRunnerWorker.runSuite(SuiteRunnerWorker.java:52)
	at org.testng.SuiteRunnerWorker.run(SuiteRunnerWorker.java:84)
	at org.testng.TestNG.runSuitesSequentially(TestNG.java:1208)
	at org.testng.TestNG.runSuitesLocally(TestNG.java:1137)
	at org.testng.TestNG.runSuites(TestNG.java:1049)
	at org.testng.TestNG.run(TestNG.java:1017)
	at org.testng.remote.AbstractRemoteTestNG.run(AbstractRemoteTestNG.java:114)
	at org.testng.remote.RemoteTestNG.initAndRun(RemoteTestNG.java:251)
	at org.testng.remote.RemoteTestNG.main(RemoteTestNG.java:77)
</pre></div></td>
<td>1</td>
<td>com.avlview.app.testcases.ProductListPageTest@1b53d44</td></tr>
</table><p>
<table width='100%' border='1' class='invocation-passed'>
<tr><td colspan='4' align='center'><b>PASSED TESTS</b></td></tr>
<tr><td><b>Test method</b></td>
<td width="30%"><b>Exception</b></td>
<td width="10%"><b>Time (seconds)</b></td>
<td><b>Instance</b></td>
</tr>
<tr>
<td title='com.avlview.app.testcases.ProductListPageTest.validateAddProduct()'><b>validateAddProduct</b><br>Test class: com.avlview.app.testcases.ProductListPageTest</td>
<td></td>
<td>1</td>
<td>com.avlview.app.testcases.ProductListPageTest@1b53d44</td></tr>
<tr>
<td title='com.avlview.app.testcases.ProductListPageTest.validateAddProductExistTest()'><b>validateAddProductExistTest</b><br>Test class: com.avlview.app.testcases.ProductListPageTest</td>
<td></td>
<td>1</td>
<td>com.avlview.app.testcases.ProductListPageTest@1b53d44</td></tr>
<tr>
<td title='com.avlview.app.testcases.ProductListPageTest.validateBackButtonTest()'><b>validateBackButtonTest</b><br>Test class: com.avlview.app.testcases.ProductListPageTest</td>
<td></td>
<td>1</td>
<td>com.avlview.app.testcases.ProductListPageTest@1b53d44</td></tr>
<tr>
<td title='com.avlview.app.testcases.ProductListPageTest.validateProductpageExistTest()'><b>validateProductpageExistTest</b><br>Test class: com.avlview.app.testcases.ProductListPageTest</td>
<td></td>
<td>1</td>
<td>com.avlview.app.testcases.ProductListPageTest@1b53d44</td></tr>
<tr>
<td title='com.avlview.app.testcases.ProductListPageTest.validateSearchExistTest()'><b>validateSearchExistTest</b><br>Test class: com.avlview.app.testcases.ProductListPageTest</td>
<td></td>
<td>1</td>
<td>com.avlview.app.testcases.ProductListPageTest@1b53d44</td></tr>
</table><p>
<table width='100%' border='1' class='invocation-skipped'>
<tr><td colspan='4' align='center'><b>SKIPPED TESTS</b></td></tr>
<tr><td><b>Test method</b></td>
<td width="30%"><b>Exception</b></td>
<td width="10%"><b>Time (seconds)</b></td>
<td><b>Instance</b></td>
</tr>
<tr>
<td title='com.avlview.app.testcases.ProductListPageTest.validateAddProductTemplateExistTest()'><b>validateAddProductTemplateExistTest</b><br>Test class: com.avlview.app.testcases.ProductListPageTest</td>
<td><div><pre>org.testng.SkipException: Product data&apos;s are avaialble so skipping the testcase.
	at com.avlview.app.pages.ProductListPage.validateProductTemplate(ProductListPage.java:100)
	at com.avlview.app.testcases.ProductListPageTest.validateAddProductTemplateExistTest(ProductListPageTest.java:61)
... Removed 25 stack frames</pre></div><a href='#' onClick='toggleBox("stack-trace13886195", this, "Click to show all stack frames", "Click to hide stack frames")'>Click to show all stack frames</a>
<div class='stack-trace' id='stack-trace13886195'><pre>org.testng.SkipException: Product data&apos;s are avaialble so skipping the testcase.
	at com.avlview.app.pages.ProductListPage.validateProductTemplate(ProductListPage.java:100)
	at com.avlview.app.testcases.ProductListPageTest.validateAddProductTemplateExistTest(ProductListPageTest.java:61)
	at sun.reflect.NativeMethodAccessorImpl.invoke0(Native Method)
	at sun.reflect.NativeMethodAccessorImpl.invoke(NativeMethodAccessorImpl.java:62)
	at sun.reflect.DelegatingMethodAccessorImpl.invoke(DelegatingMethodAccessorImpl.java:43)
	at java.lang.reflect.Method.invoke(Method.java:498)
	at org.testng.internal.MethodInvocationHelper.invokeMethod(MethodInvocationHelper.java:124)
	at org.testng.internal.Invoker.invokeMethod(Invoker.java:580)
	at org.testng.internal.Invoker.invokeTestMethod(Invoker.java:716)
	at org.testng.internal.Invoker.invokeTestMethods(Invoker.java:988)
	at org.testng.internal.TestMethodWorker.invokeTestMethods(TestMethodWorker.java:125)
	at org.testng.internal.TestMethodWorker.run(TestMethodWorker.java:109)
	at org.testng.TestRunner.privateRun(TestRunner.java:648)
	at org.testng.TestRunner.run(TestRunner.java:505)
	at org.testng.SuiteRunner.runTest(SuiteRunner.java:455)
	at org.testng.SuiteRunner.runSequentially(SuiteRunner.java:450)
	at org.testng.SuiteRunner.privateRun(SuiteRunner.java:415)
	at org.testng.SuiteRunner.run(SuiteRunner.java:364)
	at org.testng.SuiteRunnerWorker.runSuite(SuiteRunnerWorker.java:52)
	at org.testng.SuiteRunnerWorker.run(SuiteRunnerWorker.java:84)
	at org.testng.TestNG.runSuitesSequentially(TestNG.java:1208)
	at org.testng.TestNG.runSuitesLocally(TestNG.java:1137)
	at org.testng.TestNG.runSuites(TestNG.java:1049)
	at org.testng.TestNG.run(TestNG.java:1017)
	at org.testng.remote.AbstractRemoteTestNG.run(AbstractRemoteTestNG.java:114)
	at org.testng.remote.RemoteTestNG.initAndRun(RemoteTestNG.java:251)
	at org.testng.remote.RemoteTestNG.main(RemoteTestNG.java:77)
</pre></div></td>
<td>2</td>
<td>com.avlview.app.testcases.ProductListPageTest@1b53d44</td></tr>
<tr>
<td title='com.avlview.app.testcases.ProductListPageTest.validateDeleteProduct()'><b>validateDeleteProduct</b><br>Test class: com.avlview.app.testcases.ProductListPageTest</td>
<td><div><pre>java.lang.AssertionError: expected [You just deleted a product from records.] but found [Sorry, an error occurred. The servers are unable to complete your request at the moment. Please try again after a few minutes.]
	at com.avlview.app.testcases.ProductListPageTest.validateDeleteProduct(ProductListPageTest.java:91)
... Removed 31 stack frames</pre></div><a href='#' onClick='toggleBox("stack-trace32268784", this, "Click to show all stack frames", "Click to hide stack frames")'>Click to show all stack frames</a>
<div class='stack-trace' id='stack-trace32268784'><pre>java.lang.AssertionError: expected [You just deleted a product from records.] but found [Sorry, an error occurred. The servers are unable to complete your request at the moment. Please try again after a few minutes.]
	at org.testng.Assert.fail(Assert.java:96)
	at org.testng.Assert.failNotEquals(Assert.java:776)
	at org.testng.Assert.assertEqualsImpl(Assert.java:137)
	at org.testng.Assert.assertEquals(Assert.java:118)
	at org.testng.Assert.assertEquals(Assert.java:453)
	at org.testng.Assert.assertEquals(Assert.java:463)
	at com.avlview.app.testcases.ProductListPageTest.validateDeleteProduct(ProductListPageTest.java:91)
	at sun.reflect.NativeMethodAccessorImpl.invoke0(Native Method)
	at sun.reflect.NativeMethodAccessorImpl.invoke(NativeMethodAccessorImpl.java:62)
	at sun.reflect.DelegatingMethodAccessorImpl.invoke(DelegatingMethodAccessorImpl.java:43)
	at java.lang.reflect.Method.invoke(Method.java:498)
	at org.testng.internal.MethodInvocationHelper.invokeMethod(MethodInvocationHelper.java:124)
	at org.testng.internal.Invoker.invokeMethod(Invoker.java:580)
	at org.testng.internal.Invoker.invokeTestMethod(Invoker.java:716)
	at org.testng.internal.Invoker.invokeTestMethods(Invoker.java:988)
	at org.testng.internal.TestMethodWorker.invokeTestMethods(TestMethodWorker.java:125)
	at org.testng.internal.TestMethodWorker.run(TestMethodWorker.java:109)
	at org.testng.TestRunner.privateRun(TestRunner.java:648)
	at org.testng.TestRunner.run(TestRunner.java:505)
	at org.testng.SuiteRunner.runTest(SuiteRunner.java:455)
	at org.testng.SuiteRunner.runSequentially(SuiteRunner.java:450)
	at org.testng.SuiteRunner.privateRun(SuiteRunner.java:415)
	at org.testng.SuiteRunner.run(SuiteRunner.java:364)
	at org.testng.SuiteRunnerWorker.runSuite(SuiteRunnerWorker.java:52)
	at org.testng.SuiteRunnerWorker.run(SuiteRunnerWorker.java:84)
	at org.testng.TestNG.runSuitesSequentially(TestNG.java:1208)
	at org.testng.TestNG.runSuitesLocally(TestNG.java:1137)
	at org.testng.TestNG.runSuites(TestNG.java:1049)
	at org.testng.TestNG.run(TestNG.java:1017)
	at org.testng.remote.AbstractRemoteTestNG.run(AbstractRemoteTestNG.java:114)
	at org.testng.remote.RemoteTestNG.initAndRun(RemoteTestNG.java:251)
	at org.testng.remote.RemoteTestNG.main(RemoteTestNG.java:77)
</pre></div></td>
<td>2</td>
<td>com.avlview.app.testcases.ProductListPageTest@1b53d44</td></tr>
</table><p>
</body>
</html>