<?xml version="1.0" encoding="UTF-8"?>
<!-- Generated by org.testng.reporters.JUnitXMLReporter -->
<testsuite hostname="mkrishnan" ignored="0" name="SettingsPageTest" tests="5" failures="2" timestamp="21 Dec 2018 07:45:52 GMT" time="126.046" errors="0">
  <testcase name="validatesettingspageExistTest" time="0.697" classname="com.avlview.app.testcases.SettingsPageTest"/>
  <testcase name="validatesettingspageTabsExistTest" time="1.117" classname="com.avlview.app.testcases.SettingsPageTest">
    <skipped/>
  </testcase> <!-- validatesettingspageTabsExistTest -->
  <testcase name="validatesettingspageTabsExistTest" time="0.814" classname="com.avlview.app.testcases.SettingsPageTest">
    <failure type="java.lang.AssertionError" message="The following asserts failed:
	Site section not found expected [true] but found [false]">
      <![CDATA[java.lang.AssertionError: The following asserts failed:
Site section not found expected [true] but found [false]
at com.avlview.app.testcases.SettingsPageTest.validatesettingspageTabsExistTest(SettingsPageTest.java:81)
... Removed 26 stack frames]]>
    </failure>
  </testcase> <!-- validatesettingspageTabsExistTest -->
  <testcase name="validatesettingspageSubTabsExistTest" time="1.327" classname="com.avlview.app.testcases.SettingsPageTest">
    <skipped/>
  </testcase> <!-- validatesettingspageSubTabsExistTest -->
  <testcase name="validatesettingspageSubTabsExistTest" time="1.133" classname="com.avlview.app.testcases.SettingsPageTest">
    <failure type="java.lang.AssertionError" message="The following asserts failed:
	Logo section not found expected [true] but found [false]">
      <![CDATA[java.lang.AssertionError: The following asserts failed:
Logo section not found expected [true] but found [false]
at com.avlview.app.testcases.SettingsPageTest.validatesettingspageSubTabsExistTest(SettingsPageTest.java:123)
... Removed 26 stack frames]]>
    </failure>
  </testcase> <!-- validatesettingspageSubTabsExistTest -->
</testsuite> <!-- SettingsPageTest -->
