<?xml version="1.0" encoding="UTF-8"?>
<!-- Generated by org.testng.reporters.JUnitXMLReporter -->
<testsuite hostname="mkrishnan" ignored="2" name="Tax Section Test" tests="12" failures="2" timestamp="17 Dec 2018 07:55:03 GMT" time="141.178" errors="0">
  <testcase name="@AfterMethod teardown" time="0.0" classname="com.avlview.app.testcases.TaxListPageTest">
    <failure type="java.lang.NullPointerException">
      <![CDATA[java.lang.NullPointerException
at com.avlview.app.testcases.TaxListPageTest.teardown(TaxListPageTest.java:109)
... Removed 28 stack frames]]>
    </failure>
  </testcase> <!-- @AfterMethod teardown -->
  <testcase name="@BeforeMethod setup" time="0.0" classname="com.avlview.app.testcases.TaxListPageTest">
    <skipped/>
  </testcase> <!-- @BeforeMethod setup -->
  <testcase name="@AfterMethod teardown" time="0.0" classname="com.avlview.app.testcases.TaxListPageTest">
    <skipped/>
  </testcase> <!-- @AfterMethod teardown -->
  <testcase name="@BeforeMethod setup" time="0.0" classname="com.avlview.app.testcases.TaxListPageTest">
    <skipped/>
  </testcase> <!-- @BeforeMethod setup -->
  <testcase name="@AfterMethod teardown" time="0.0" classname="com.avlview.app.testcases.TaxListPageTest">
    <skipped/>
  </testcase> <!-- @AfterMethod teardown -->
  <testcase name="@BeforeMethod setup" time="0.0" classname="com.avlview.app.testcases.TaxListPageTest">
    <skipped/>
  </testcase> <!-- @BeforeMethod setup -->
  <testcase name="@AfterMethod teardown" time="0.0" classname="com.avlview.app.testcases.TaxListPageTest">
    <skipped/>
  </testcase> <!-- @AfterMethod teardown -->
  <testcase name="@BeforeMethod setup" time="0.0" classname="com.avlview.app.testcases.TaxListPageTest">
    <skipped/>
  </testcase> <!-- @BeforeMethod setup -->
  <testcase name="@AfterMethod teardown" time="0.0" classname="com.avlview.app.testcases.TaxListPageTest">
    <skipped/>
  </testcase> <!-- @AfterMethod teardown -->
  <testcase name="@BeforeMethod setup" time="0.0" classname="com.avlview.app.testcases.TaxListPageTest">
    <skipped/>
  </testcase> <!-- @BeforeMethod setup -->
  <testcase name="@AfterMethod teardown" time="0.0" classname="com.avlview.app.testcases.TaxListPageTest">
    <skipped/>
  </testcase> <!-- @AfterMethod teardown -->
  <testcase name="validatesettingspageExistTest" time="0.938" classname="com.avlview.app.testcases.SettingsPageTest">
    <skipped/>
  </testcase> <!-- validatesettingspageExistTest -->
  <testcase name="validatesettingspageExistTest" time="0.509" classname="com.avlview.app.testcases.SettingsPageTest"/>
  <testcase name="validateTaxpageExistTest" time="0.009" classname="com.avlview.app.testcases.TaxListPageTest">
    <skipped/>
  </testcase> <!-- validateTaxpageExistTest -->
  <testcase name="validateTaxpageExistTest" time="0.0" classname="com.avlview.app.testcases.TaxListPageTest">
    <skipped/>
  </testcase> <!-- validateTaxpageExistTest -->
  <testcase name="validatesettingspageTabsExistTest" time="0.884" classname="com.avlview.app.testcases.SettingsPageTest">
    <skipped/>
  </testcase> <!-- validatesettingspageTabsExistTest -->
  <testcase name="validatesettingspageTabsExistTest" time="0.884" classname="com.avlview.app.testcases.SettingsPageTest">
    <failure type="java.lang.AssertionError" message="The following asserts failed:
	Site section not found expected [true] but found [false]">
      <![CDATA[java.lang.AssertionError: The following asserts failed:
Site section not found expected [true] but found [false]
at com.avlview.app.testcases.SettingsPageTest.validatesettingspageTabsExistTest(SettingsPageTest.java:81)
... Removed 26 stack frames]]>
    </failure>
  </testcase> <!-- validatesettingspageTabsExistTest -->
  <testcase name="validateAddTaxExistTest" time="0.0" classname="com.avlview.app.testcases.TaxListPageTest">
    <skipped/>
  </testcase> <!-- validateAddTaxExistTest -->
  <testcase name="validatesettingspageSubTabsExistTest" time="1.166" classname="com.avlview.app.testcases.SettingsPageTest">
    <skipped/>
  </testcase> <!-- validatesettingspageSubTabsExistTest -->
  <testcase name="validatesettingspageSubTabsExistTest" time="1.154" classname="com.avlview.app.testcases.SettingsPageTest">
    <failure type="java.lang.AssertionError" message="The following asserts failed:
	Logo section not found expected [true] but found [false]">
      <![CDATA[java.lang.AssertionError: The following asserts failed:
Logo section not found expected [true] but found [false]
at com.avlview.app.testcases.SettingsPageTest.validatesettingspageSubTabsExistTest(SettingsPageTest.java:123)
... Removed 26 stack frames]]>
    </failure>
  </testcase> <!-- validatesettingspageSubTabsExistTest -->
  <testcase name="validateAddTaxTemplateExistTest" time="0.0" classname="com.avlview.app.testcases.TaxListPageTest">
    <skipped/>
  </testcase> <!-- validateAddTaxTemplateExistTest -->
  <testcase name="validateBackButtonTest" time="0.0" classname="com.avlview.app.testcases.TaxListPageTest">
    <skipped/>
  </testcase> <!-- validateBackButtonTest -->
  <testcase name="validateEditTest" time="0.0" classname="com.avlview.app.testcases.TaxListPageTest">
    <skipped/>
  </testcase> <!-- validateEditTest -->
  <testcase name="@BeforeTest setExtent" time="0.0" classname="com.avlview.app.base.TestBase">
    <ignored/>
  </testcase> <!-- @BeforeTest setExtent -->
  <testcase name="@AfterTest endReport" time="0.0" classname="com.avlview.app.base.TestBase">
    <ignored/>
  </testcase> <!-- @AfterTest endReport -->
</testsuite> <!-- Tax Section Test -->
