<?xml version="1.0" encoding="UTF-8"?>
<!-- Generated by org.testng.reporters.JUnitReportReporter -->
<testsuite skipped="0" hostname="mkrishnan" name="com.avlview.app.testcases.AddClientPageTest" tests="15" failures="1" timestamp="24 Nov 2018 06:05:07 GMT" time="382.025" errors="0">
  <testcase name="TemplateTest" time="27.129" classname="com.avlview.app.testcases.AddClientPageTest"/>
  <testcase name="ClickAddClientTest" time="18.354" classname="com.avlview.app.testcases.AddClientPageTest"/>
  <testcase name="AddclientTest" time="22.524" classname="com.avlview.app.testcases.AddClientPageTest"/>
  <testcase name="AddclientTest" time="26.720" classname="com.avlview.app.testcases.AddClientPageTest"/>
  <testcase name="AddclientTest" time="27.092" classname="com.avlview.app.testcases.AddClientPageTest"/>
  <testcase name="AddclientTest" time="23.202" classname="com.avlview.app.testcases.AddClientPageTest"/>
  <testcase name="AddclientTest" time="21.234" classname="com.avlview.app.testcases.AddClientPageTest"/>
  <testcase name="AddclientTest" time="26.811" classname="com.avlview.app.testcases.AddClientPageTest"/>
  <testcase name="SearchAddedClientTest" time="26.109" classname="com.avlview.app.testcases.AddClientPageTest"/>
  <testcase name="deActivateClientTest" time="29.735" classname="com.avlview.app.testcases.AddClientPageTest"/>
  <testcase name="deactivateSearchTest" time="22.697" classname="com.avlview.app.testcases.AddClientPageTest">
    <failure type="java.lang.AssertionError" message="expected [1] but found [3]">
      <![CDATA[java.lang.AssertionError: expected [1] but found [3]
at org.testng.Assert.fail(Assert.java:96)
at org.testng.Assert.failNotEquals(Assert.java:776)
at org.testng.Assert.assertEqualsImpl(Assert.java:137)
at org.testng.Assert.assertEquals(Assert.java:118)
at org.testng.Assert.assertEquals(Assert.java:453)
at org.testng.Assert.assertEquals(Assert.java:463)
at com.avlview.app.testcases.AddClientPageTest.deactivateSearchTest(AddClientPageTest.java:94)
at sun.reflect.NativeMethodAccessorImpl.invoke0(Native Method)
at sun.reflect.NativeMethodAccessorImpl.invoke(NativeMethodAccessorImpl.java:62)
at sun.reflect.DelegatingMethodAccessorImpl.invoke(DelegatingMethodAccessorImpl.java:43)
at java.lang.reflect.Method.invoke(Method.java:498)
at org.testng.internal.MethodInvocationHelper.invokeMethod(MethodInvocationHelper.java:124)
at org.testng.internal.Invoker.invokeMethod(Invoker.java:580)
at org.testng.internal.Invoker.invokeTestMethod(Invoker.java:716)
at org.testng.internal.Invoker.invokeTestMethods(Invoker.java:988)
at org.testng.internal.TestMethodWorker.invokeTestMethods(TestMethodWorker.java:125)
at org.testng.internal.TestMethodWorker.run(TestMethodWorker.java:109)
at org.testng.TestRunner.privateRun(TestRunner.java:648)
at org.testng.TestRunner.run(TestRunner.java:505)
at org.testng.SuiteRunner.runTest(SuiteRunner.java:455)
at org.testng.SuiteRunner.runSequentially(SuiteRunner.java:450)
at org.testng.SuiteRunner.privateRun(SuiteRunner.java:415)
at org.testng.SuiteRunner.run(SuiteRunner.java:364)
at org.testng.SuiteRunnerWorker.runSuite(SuiteRunnerWorker.java:52)
at org.testng.SuiteRunnerWorker.run(SuiteRunnerWorker.java:84)
at org.testng.TestNG.runSuitesSequentially(TestNG.java:1208)
at org.testng.TestNG.runSuitesLocally(TestNG.java:1137)
at org.testng.TestNG.runSuites(TestNG.java:1049)
at org.testng.TestNG.run(TestNG.java:1017)
at org.testng.remote.AbstractRemoteTestNG.run(AbstractRemoteTestNG.java:114)
at org.testng.remote.RemoteTestNG.initAndRun(RemoteTestNG.java:251)
at org.testng.remote.RemoteTestNG.main(RemoteTestNG.java:77)
]]>
    </failure>
  </testcase> <!-- deactivateSearchTest -->
  <testcase name="items25Test" time="34.829" classname="com.avlview.app.testcases.AddClientPageTest"/>
  <testcase name="items50Test" time="26.738" classname="com.avlview.app.testcases.AddClientPageTest"/>
  <testcase name="items100Test" time="27.189" classname="com.avlview.app.testcases.AddClientPageTest"/>
  <testcase name="PaginationTest" time="21.662" classname="com.avlview.app.testcases.AddClientPageTest"/>
</testsuite> <!-- com.avlview.app.testcases.AddClientPageTest -->
