<?xml version="1.0" encoding="UTF-8"?>
<!-- Generated by org.testng.reporters.JUnitXMLReporter -->
<testsuite hostname="DESKTOP-3SL4LUB" ignored="0" name="Add Customer Test" tests="1" failures="1" timestamp="15 Jul 2018 05:46:13 GMT" time="1.165" errors="0">
  <testcase name="addCustomer" time="0.663" classname="testcases.AddCustomerTest">
    <failure type="java.lang.AssertionError" message="Add Customer Test failed">
      <![CDATA[java.lang.AssertionError: Add Customer Test failed
at testcases.AddCustomerTest.addCustomer(AddCustomerTest.java:31)
... Removed 26 stack frames]]>
    </failure>
  </testcase> <!-- addCustomer -->
</testsuite> <!-- Add Customer Test -->
