<?xml version="1.0" encoding="UTF-8"?>
<!-- Generated by org.testng.reporters.JUnitXMLReporter -->
<testsuite hostname="DESKTOP-3SL4LUB" ignored="0" name="Open Account Test" tests="1" failures="1" timestamp="15 Jul 2018 05:46:14 GMT" time="0.883" errors="0">
  <testcase name="openAccount" time="0.505" classname="testcases.OpenAccountTest">
    <failure type="java.lang.AssertionError" message="Open Account Test failed">
      <![CDATA[java.lang.AssertionError: Open Account Test failed
at testcases.OpenAccountTest.openAccount(OpenAccountTest.java:26)
... Removed 26 stack frames]]>
    </failure>
  </testcase> <!-- openAccount -->
</testsuite> <!-- Open Account Test -->
